<?xml version="1.0" encoding="UTF-8"?>
<!-- Generated by org.testng.reporters.JUnitReportReporter -->
<testsuite hostname="CDC2-L-01348KL" failures="0" tests="7" name="testCode.AmazonApp_Test" time="79.794" errors="0" timestamp="2021-02-12T17:21:33 IST" skipped="0">
  <testcase classname="testCode.AmazonApp_Test" name="amazonLogoTest" time="20.556"/>
  <system-out/>
  <testcase classname="testCode.AmazonApp_Test" name="titleTest" time="9.733"/>
  <system-out/>
  <testcase classname="testCode.AmazonApp_Test" name="testAddress" time="10.432"/>
  <system-out/>
  <testcase classname="testCode.AmazonApp_Test" name="sampleTest" time="9.856"/>
  <system-out/>
  <testcase classname="testCode.AmazonApp_Test" name="sampleTest" time="9.531"/>
  <system-out/>
  <testcase classname="testCode.AmazonApp_Test" name="sampleTest" time="10.536"/>
  <system-out/>
  <testcase classname="testCode.AmazonApp_Test" name="sampleTest" time="9.150"/>
  <system-out/>
</testsuite> <!-- testCode.AmazonApp_Test -->
