<?xml version="1.0" encoding="UTF-8"?>
<!-- Generated by org.testng.reporters.JUnitReportReporter -->
<testsuite hostname="CDC2-L-01348KL" failures="0" tests="2" name="testCode.FlipkartApp_Test" time="29.743" errors="0" timestamp="2021-02-12T17:21:33 IST" skipped="0">
  <testcase classname="testCode.FlipkartApp_Test" name="logoTest" time="15.212"/>
  <system-out/>
  <testcase classname="testCode.FlipkartApp_Test" name="getTitle" time="14.531"/>
  <system-out/>
</testsuite> <!-- testCode.FlipkartApp_Test -->
