<?xml version="1.0" encoding="UTF-8"?>
<!-- Generated by org.testng.reporters.JUnitReportReporter -->
<testsuite hostname="CDC2-L-01348KL" failures="0" tests="7" name="testCode.AmazonApp_Test" time="93.174" errors="0" timestamp="2021-02-21T15:01:52 IST" skipped="0">
  <testcase classname="testCode.AmazonApp_Test" name="amazonLogoTest" time="14.975"/>
  <system-out/>
  <testcase classname="testCode.AmazonApp_Test" name="titleTest" time="14.600"/>
  <system-out/>
  <testcase classname="testCode.AmazonApp_Test" name="testAddress" time="14.203"/>
  <system-out/>
  <testcase classname="testCode.AmazonApp_Test" name="sampleTest" time="9.021"/>
  <system-out/>
  <testcase classname="testCode.AmazonApp_Test" name="sampleTest" time="13.460"/>
  <system-out/>
  <testcase classname="testCode.AmazonApp_Test" name="sampleTest" time="14.411"/>
  <system-out/>
  <testcase classname="testCode.AmazonApp_Test" name="sampleTest" time="12.504"/>
  <system-out/>
</testsuite> <!-- testCode.AmazonApp_Test -->
