<?xml version="1.0" encoding="UTF-8"?>
<!-- Generated by org.testng.reporters.JUnitReportReporter -->
<testsuite hostname="CDC2-L-01348KL" failures="0" tests="7" name="testCode.AmazonApp_Test" time="93.704" errors="0" timestamp="2021-02-12T17:41:54 IST" skipped="0">
  <testcase classname="testCode.AmazonApp_Test" name="amazonLogoTest" time="12.891"/>
  <system-out/>
  <testcase classname="testCode.AmazonApp_Test" name="titleTest" time="15.615"/>
  <system-out/>
  <testcase classname="testCode.AmazonApp_Test" name="testAddress" time="11.171"/>
  <system-out/>
  <testcase classname="testCode.AmazonApp_Test" name="sampleTest" time="23.542"/>
  <system-out/>
  <testcase classname="testCode.AmazonApp_Test" name="sampleTest" time="10.323"/>
  <system-out/>
  <testcase classname="testCode.AmazonApp_Test" name="sampleTest" time="9.480"/>
  <system-out/>
  <testcase classname="testCode.AmazonApp_Test" name="sampleTest" time="10.682"/>
  <system-out/>
</testsuite> <!-- testCode.AmazonApp_Test -->
