<?xml version="1.0" encoding="UTF-8"?>
<!-- Generated by org.testng.reporters.JUnitReportReporter -->
<testsuite hostname="CDC2-L-01348KL" failures="0" tests="2" name="testCode.FlipkartApp_Test" time="32.283" errors="0" timestamp="2021-02-21T15:01:52 IST" skipped="0">
  <testcase classname="testCode.FlipkartApp_Test" name="logoTest" time="17.343"/>
  <system-out/>
  <testcase classname="testCode.FlipkartApp_Test" name="getTitle" time="14.940"/>
  <system-out/>
</testsuite> <!-- testCode.FlipkartApp_Test -->
