<?xml version="1.0" encoding="UTF-8"?>
<!-- Generated by org.testng.reporters.JUnitReportReporter -->
<testsuite hostname="CDC2-L-01348KL" failures="0" tests="7" name="testCode.AmazonApp_Test" time="116.211" errors="0" timestamp="2021-02-12T18:13:47 IST" skipped="0">
  <testcase classname="testCode.AmazonApp_Test" name="amazonLogoTest" time="25.167"/>
  <system-out/>
  <testcase classname="testCode.AmazonApp_Test" name="titleTest" time="31.492"/>
  <system-out/>
  <testcase classname="testCode.AmazonApp_Test" name="testAddress" time="10.625"/>
  <system-out/>
  <testcase classname="testCode.AmazonApp_Test" name="sampleTest" time="13.715"/>
  <system-out/>
  <testcase classname="testCode.AmazonApp_Test" name="sampleTest" time="11.350"/>
  <system-out/>
  <testcase classname="testCode.AmazonApp_Test" name="sampleTest" time="14.453"/>
  <system-out/>
  <testcase classname="testCode.AmazonApp_Test" name="sampleTest" time="9.409"/>
  <system-out/>
</testsuite> <!-- testCode.AmazonApp_Test -->
