<?xml version="1.0" encoding="UTF-8"?>
<!-- Generated by org.testng.reporters.JUnitReportReporter -->
<testsuite hostname="CDC2-L-01348KL" failures="0" tests="2" name="testCode.FlipkartApp_Test" time="34.185" errors="0" timestamp="2021-02-12T18:13:47 IST" skipped="0">
  <testcase classname="testCode.FlipkartApp_Test" name="logoTest" time="17.935"/>
  <system-out/>
  <testcase classname="testCode.FlipkartApp_Test" name="getTitle" time="16.250"/>
  <system-out/>
</testsuite> <!-- testCode.FlipkartApp_Test -->
